<?xml version="1.0" encoding="UTF-8"?><testsuite errors="1" failures="0" name="Reto tecnico" skipped="0" tests="1" time="15.58" timestamp="2020-11-12 11:42:15"><testcase name="Estado financiero"><error message="Could not instantiate class org.openqa.selenium.chrome.ChromeDriver" type="net.thucydides.core.webdriver.DriverConfigurationError">Could not instantiate class org.openqa.selenium.chrome.ChromeDriver</error><system-err>Could not instantiate class org.openqa.selenium.chrome.ChromeDriver&#13;
chl.per.apl.app.mantenimiento.test.task.OpenUp.performAs(OpenUp.java:21)&#13;
chl.per.apl.app.mantenimiento.test.stepdefinitions.EstadoFinancieroSteps.ingresoALaPaginaDelRetoTecnico(EstadoFinancieroSteps.java:30)&#13;
cucumber.runner.Runner.runPickle(Runner.java:80)&#13;
</system-err></testcase></testsuite>